rm: *.so: No such file or directory
rm: *.d: No such file or directory
rm: *.pcm: No such file or directory
   ------------------------------------------------------------------
  | Welcome to ROOT 6.24/06                        https://root.cern |
  | (c) 1995-2021, The ROOT Team; conception: R. Brun, F. Rademakers |
  | Built for macosx64 on Feb 07 2022, 18:03:00                      |
  | From tags/v6-24-06@v6-24-06                                      |
  | With Apple clang version 13.0.0 (clang-1300.0.29.30)             |
  | Try '.help', '.demo', '.license', '.credits', '.quit'/'.q'       |
   ------------------------------------------------------------------

Info in <TMacOSXSystem::ACLiC>: creating shared library /Users/AndreasStokkkeland/FitsAt7and13TeV/outputPutTogetherData/outputDiv/./MultiFit2k7TeV_C.so
Info in <ROOT::Math::ParameterSettings>: lower/upper bounds outside current parameter value. The value will be set to (low+up)/2 

****************************************
         Invalid FitResult  (status = 4 )
****************************************
Minimizer is Minuit2 / Migrad
Chi2                      =      110.075
NDf                       =          314
Edm                       =     0.493615
NCalls                    =         4741
Par_0                     =      14.8308   +/-   1.38632     
Par_1                     =     -12.1578   +/-   1.37983     
Par_2                     =      11.0435   +/-   1.04819     
Par_3                     =     -9.07986   +/-   1.04462     
Par_4                     =      4.65627   +/-   0.500462    
Par_5                     =     -3.21175   +/-   0.49679     
Par_6                     =    -0.751417   +/-   0.292276    
Par_7                     =      1.85171   +/-   0.286003    
Par_8                     =     -4.25779   +/-   0.450347    
Par_9                     =       5.1279   +/-   0.449268    
Par_10                    =     -5.37414   +/-   0.63823     
Par_11                    =      6.03632   +/-   0.637892    
Par_12                    =      -6.8612   +/-   0.861208    
Par_13                    =      7.30496   +/-   0.859172    
Par_14                    =     -8.46881   +/-   0.931275    
Par_15                    =      8.75156   +/-   0.930681    
Par_16                    =     -8.87405   +/-   0.924122    
Par_17                    =      9.00825   +/-   0.923818    
Par_18                    =    0.0177246   +/-   0.00206307   	 (limited)
Info in <TCanvas::Print>: eps file Comb2k17TeV.eps has been created
Info in <TH1F::SaveAs>: ROOT file CSoft1.root has been created
Info in <TH1F::SaveAs>: ROOT file CHard1.root has been created
Info in <TH1D::SaveAs>: ROOT file Ck1.root has been created
Info in <ROOT::Math::ParameterSettings>: lower/upper bounds outside current parameter value. The value will be set to (low+up)/2 

****************************************
         Invalid FitResult  (status = 4 )
****************************************
Minimizer is Minuit2 / Migrad
Chi2                      =      82.4927
NDf                       =          314
Edm                       =    0.0448741
NCalls                    =         4719
Par_0                     =      15.9922   +/-   3.20822     
Par_1                     =     -13.4728   +/-   3.19989     
Par_2                     =       14.165   +/-   2.84791     
Par_3                     =     -12.2608   +/-   2.84089     
Par_4                     =      8.67404   +/-   1.68766     
Par_5                     =     -7.21697   +/-   1.6842      
Par_6                     =      3.10156   +/-   0.519824    
Par_7                     =     -1.94444   +/-   0.517759    
Par_8                     =     -2.68534   +/-   0.687283    
Par_9                     =      3.61037   +/-   0.68511     
Par_10                    =     -9.90167   +/-   2.09978     
Par_11                    =      10.5708   +/-   2.10003     
Par_12                    =     -13.0883   +/-   2.54807     
Par_13                    =      13.5358   +/-   2.54975     
Par_14                    =     -17.0537   +/-   3.52035     
Par_15                    =      17.3303   +/-   3.51996     
Par_16                    =      -16.412   +/-   3.43085     
Par_17                    =       16.546   +/-   3.43005     
Par_18                    =   0.00966613   +/-   0.00208306   	 (limited)
Warning in <TCanvas::Constructor>: Deleting canvas with same name: Simfit
Info in <TCanvas::Print>: eps file Comb2k27TeV.eps has been created
Info in <TH1F::SaveAs>: ROOT file CSoft2.root has been created
Info in <TH1F::SaveAs>: ROOT file CHard2.root has been created
Info in <TH1D::SaveAs>: ROOT file Ck2.root has been created
Info in <ROOT::Math::ParameterSettings>: lower/upper bounds outside current parameter value. The value will be set to (low+up)/2 

****************************************
         Invalid FitResult  (status = 4 )
****************************************
Minimizer is Minuit2 / Migrad
Chi2                      =      133.134
NDf                       =          314
Edm                       =   0.00419293
NCalls                    =         4713
Par_0                     =      147.597   +/-   20.8939     
Par_1                     =      -144.57   +/-   20.8845     
Par_2                     =      72.4476   +/-   10.6224     
Par_3                     =     -70.3416   +/-   10.6133     
Par_4                     =      24.1379   +/-   3.66377     
Par_5                     =     -22.6418   +/-   3.65838     
Par_6                     =     -6.28555   +/-   1.06847     
Par_7                     =      7.39832   +/-   1.06862     
Par_8                     =     -23.0598   +/-   3.53839     
Par_9                     =      23.9259   +/-   3.53677     
Par_10                    =      -37.528   +/-   5.61751     
Par_11                    =      38.1417   +/-   5.61482     
Par_12                    =     -48.9395   +/-   7.07636     
Par_13                    =      49.3069   +/-   7.07471     
Par_14                    =     -53.4241   +/-   7.57588     
Par_15                    =      53.6262   +/-   7.57508     
Par_16                    =     -50.4825   +/-   7.29832     
Par_17                    =      50.5514   +/-   7.29713     
Par_18                    =   0.00516139   +/-   0.000677114  	 (limited)
Warning in <TCanvas::Constructor>: Deleting canvas with same name: Simfit
Info in <TCanvas::Print>: eps file Comb2k37TeV.eps has been created
Info in <TH1F::SaveAs>: ROOT file CSoft3.root has been created
Info in <TH1F::SaveAs>: ROOT file CHard3.root has been created
Info in <TH1D::SaveAs>: ROOT file Ck3.root has been created
Hej
Info in <TCanvas::Print>: eps file cCk7TeV.eps has been created
Info in <TCanvas::Print>: eps file cCH7TeV.eps has been created
Hej
Info in <TCanvas::Print>: eps file cCS7TeV.eps has been created
   ------------------------------------------------------------------
  | Welcome to ROOT 6.24/06                        https://root.cern |
  | (c) 1995-2021, The ROOT Team; conception: R. Brun, F. Rademakers |
  | Built for macosx64 on Feb 07 2022, 18:03:00                      |
  | From tags/v6-24-06@v6-24-06                                      |
  | With Apple clang version 13.0.0 (clang-1300.0.29.30)             |
  | Try '.help', '.demo', '.license', '.credits', '.quit'/'.q'       |
   ------------------------------------------------------------------

Info in <TMacOSXSystem::ACLiC>: creating shared library /Users/AndreasStokkkeland/FitsAt7and13TeV/outputPutTogetherData/outputDiv/./MultiFit2k13TeV_C.so
Info in <ROOT::Math::ParameterSettings>: lower/upper bounds outside current parameter value. The value will be set to (low+up)/2 

****************************************
         Invalid FitResult  (status = 4 )
****************************************
Minimizer is Minuit2 / Migrad
Chi2                      =      85.0011
NDf                       =          341
Edm                       =      0.10319
NCalls                    =         4712
Par_0                     =      86.2316   +/-   40.6052     
Par_1                     =     -83.1571   +/-   40.6008     
Par_2                     =      32.9735   +/-   14.7826     
Par_3                     =     -30.9602   +/-   14.7828     
Par_4                     =      7.32423   +/-   2.70588     
Par_5                     =     -5.90074   +/-   2.70437     
Par_6                     =     -5.07839   +/-   3.36956     
Par_7                     =         6.17   +/-   3.36671     
Par_8                     =     -12.6841   +/-   6.81911     
Par_9                     =      13.5505   +/-   6.81802     
Par_10                    =     -19.6166   +/-   9.93893     
Par_11                    =      20.2452   +/-   9.93881     
Par_12                    =     -24.2285   +/-   11.956      
Par_13                    =      24.6393   +/-   11.9566     
Par_14                    =     -26.0896   +/-   12.7817     
Par_15                    =      26.3492   +/-   12.7822     
Par_16                    =     -25.0177   +/-   12.4338     
Par_17                    =      25.1377   +/-   12.4335     
Par_18                    =   0.00620634   +/-   0.00294569   	 (limited)
Info in <TCanvas::Print>: eps file Comb2k113TeV.eps has been created
Info in <TH1F::SaveAs>: ROOT file CSoft1.root has been created
Info in <TH1F::SaveAs>: ROOT file CHard1.root has been created
Info in <TH1D::SaveAs>: ROOT file Ck1.root has been created
Info in <ROOT::Math::ParameterSettings>: lower/upper bounds outside current parameter value. The value will be set to (low+up)/2 

****************************************
         Invalid FitResult  (status = 4 )
****************************************
Minimizer is Minuit2 / Migrad
Chi2                      =      81.2465
NDf                       =          341
Edm                       =   0.00976005
NCalls                    =         4722
Par_0                     =      71.1783   +/-   24.2891     
Par_1                     =     -68.2865   +/-   24.3        
Par_2                     =      31.0208   +/-   10.5214     
Par_3                     =     -28.9673   +/-   10.5236     
Par_4                     =       6.9806   +/-   2.48605     
Par_5                     =     -5.52853   +/-   2.48161     
Par_6                     =     -4.66419   +/-   1.6003      
Par_7                     =      5.77486   +/-   1.60372     
Par_8                     =     -11.1062   +/-   3.92427     
Par_9                     =      11.9915   +/-   3.92785     
Par_10                    =     -16.4529   +/-   6.0118      
Par_11                    =      17.1053   +/-   6.01402     
Par_12                    =     -20.3397   +/-   7.69636     
Par_13                    =      20.7658   +/-   7.69766     
Par_14                    =     -21.9951   +/-   8.51061     
Par_15                    =      22.2658   +/-   8.51012     
Par_16                    =     -21.6892   +/-   8.48467     
Par_17                    =      21.8143   +/-   8.48367     
Par_18                    =   0.00764789   +/-   0.00295299   	 (limited)
Warning in <TCanvas::Constructor>: Deleting canvas with same name: Simfit
Info in <TCanvas::Print>: eps file Comb2k313TeV.eps has been created
Info in <TH1F::SaveAs>: ROOT file CSoft3.root has been created
Info in <TH1F::SaveAs>: ROOT file CHard3.root has been created
Info in <TH1D::SaveAs>: ROOT file Ck3.root has been created
Info in <ROOT::Math::ParameterSettings>: lower/upper bounds outside current parameter value. The value will be set to (low+up)/2 

****************************************
         Invalid FitResult  (status = 4 )
****************************************
Minimizer is Minuit2 / Migrad
Chi2                      =      132.399
NDf                       =          341
Edm                       =  0.000138415
NCalls                    =         4715
Par_0                     =      97.5589   +/-   16.8831     
Par_1                     =     -94.3838   +/-   16.8557     
Par_2                     =      42.3067   +/-   6.94742     
Par_3                     =     -40.2124   +/-   6.93525     
Par_4                     =      8.59748   +/-   2.72932     
Par_5                     =     -7.16245   +/-   2.71766     
Par_6                     =     -9.94464   +/-   0.615633    
Par_7                     =      10.9938   +/-   0.605185    
Par_8                     =     -19.6224   +/-   1.9776      
Par_9                     =      20.4245   +/-   1.98282     
Par_10                    =     -27.7192   +/-   4.42483     
Par_11                    =      28.2703   +/-   4.42365     
Par_12                    =     -34.6133   +/-   6.46064     
Par_13                    =      34.9252   +/-   6.45551     
Par_14                    =     -36.8121   +/-   6.40591     
Par_15                    =      36.9746   +/-   6.40246     
Par_16                    =     -29.7555   +/-   4.11953     
Par_17                    =      29.8135   +/-   4.12047     
Par_18                    =   0.00827862   +/-   0.00126328   	 (limited)
Warning in <TCanvas::Constructor>: Deleting canvas with same name: Simfit
Info in <TCanvas::Print>: eps file Comb2k513TeV.eps has been created
Info in <TH1F::SaveAs>: ROOT file CSoft5.root has been created
Info in <TH1F::SaveAs>: ROOT file CHard5.root has been created
Info in <TH1D::SaveAs>: ROOT file Ck5.root has been created
Hej
Info in <TCanvas::Print>: eps file cCk13TeV.eps has been created
Hej
Info in <TCanvas::Print>: eps file cCH13TeV.eps has been created
Info in <TCanvas::Print>: eps file cCS13TeV.eps has been created
The time of the code 17 s
