rm: *.so: No such file or directory
rm: *.d: No such file or directory
rm: *.pcm: No such file or directory
   ------------------------------------------------------------------
  | Welcome to ROOT 6.24/06                        https://root.cern |
  | (c) 1995-2021, The ROOT Team; conception: R. Brun, F. Rademakers |
  | Built for macosx64 on Feb 07 2022, 18:03:00                      |
  | From tags/v6-24-06@v6-24-06                                      |
  | With Apple clang version 13.0.0 (clang-1300.0.29.30)             |
  | Try '.help', '.demo', '.license', '.credits', '.quit'/'.q'       |
   ------------------------------------------------------------------

Info in <TMacOSXSystem::ACLiC>: creating shared library /Users/AndreasStokkkeland/FitsAt7and13TeV/outputPutTogetherData/outputDiv/./MultiFit2k7TeV_C.so
Info in <ROOT::Math::ParameterSettings>: lower/upper bounds outside current parameter value. The value will be set to (low+up)/2 

****************************************
Minimizer is Minuit2 / Migrad
Chi2                      =      107.306
NDf                       =          314
Edm                       =  2.76822e-06
NCalls                    =         3028
Par_0                     =      6.58813   +/-   0.353082    
Par_1                     =     -11.5029   +/-   0.973941    
Par_2                     =      3.43395   +/-   0.240747    
Par_3                     =     -4.57791   +/-   0.66979     
Par_4                     =      1.78275   +/-   0.181653    
Par_5                     =     -1.11454   +/-   0.509837    
Par_6                     =      0.92532   +/-   0.146936    
Par_7                     =       0.5901   +/-   0.41527     
Par_8                     =     0.386236   +/-   0.122585    
Par_9                     =      1.60869   +/-   0.348616    
Par_10                    =   -0.0848064   +/-   0.0968098   
Par_11                    =      2.39833   +/-   0.277602    
Par_12                    =    -0.470094   +/-   0.0709498   
Par_13                    =      2.93694   +/-   0.205808    
Par_14                    =    -0.631382   +/-   0.052692    
Par_15                    =      2.99201   +/-   0.154549    
Par_16                    =    -0.670559   +/-   0.0344664   
Par_17                    =       2.6712   +/-   0.10311     
Par_18                    =    0.0999999   +/-   0.0179579    	 (limited)
Info in <TCanvas::Print>: eps file Comb2k17TeV.eps has been created
Info in <TH1F::SaveAs>: ROOT file CSoft1.root has been created
Info in <TH1F::SaveAs>: ROOT file CHard1.root has been created
Info in <TH1D::SaveAs>: ROOT file Ck1.root has been created
Info in <ROOT::Math::ParameterSettings>: lower/upper bounds outside current parameter value. The value will be set to (low+up)/2 

****************************************
Minimizer is Minuit2 / Migrad
Chi2                      =      81.2097
NDf                       =          314
Edm                       =  2.72992e-09
NCalls                    =         2569
Par_0                     =      6.80773   +/-   0.503754    
Par_1                     =     -12.1608   +/-   1.37226     
Par_2                     =        3.501   +/-   0.343885    
Par_3                     =     -4.78664   +/-   0.944558    
Par_4                     =      1.77253   +/-   0.259418    
Par_5                     =     -1.09014   +/-   0.719692    
Par_6                     =     0.922241   +/-   0.209711    
Par_7                     =     0.604139   +/-   0.586002    
Par_8                     =       0.3693   +/-   0.175045    
Par_9                     =      1.66723   +/-   0.492455    
Par_10                    =    -0.121016   +/-   0.137355    
Par_11                    =      2.51341   +/-   0.390137    
Par_12                    =    -0.500613   +/-   0.100428    
Par_13                    =      3.03547   +/-   0.28888     
Par_14                    =    -0.649841   +/-   0.0745023   
Par_15                    =      3.05525   +/-   0.216926    
Par_16                    =    -0.677139   +/-   0.0472923   
Par_17                    =      2.69424   +/-   0.140743    
Par_18                    =          0.1   +/-   0.062775     	 (limited)
Warning in <TCanvas::Constructor>: Deleting canvas with same name: Simfit
Info in <TCanvas::Print>: eps file Comb2k27TeV.eps has been created
Info in <TH1F::SaveAs>: ROOT file CSoft2.root has been created
Info in <TH1F::SaveAs>: ROOT file CHard2.root has been created
Info in <TH1D::SaveAs>: ROOT file Ck2.root has been created
Info in <ROOT::Math::ParameterSettings>: lower/upper bounds outside current parameter value. The value will be set to (low+up)/2 

****************************************
Minimizer is Minuit2 / Migrad
Chi2                      =      196.868
NDf                       =          314
Edm                       =  1.20105e-05
NCalls                    =         2744
Par_0                     =       9.5903   +/-   0.64018     
Par_1                     =      -20.193   +/-   1.72622     
Par_2                     =      4.61332   +/-   0.442527    
Par_3                     =     -7.96689   +/-   1.20476     
Par_4                     =      1.96716   +/-   0.331009    
Par_5                     =     -1.63838   +/-   0.909505    
Par_6                     =     0.523225   +/-   0.264283    
Par_7                     =      1.74238   +/-   0.732177    
Par_8                     =    -0.220563   +/-   0.22031     
Par_9                     =      3.36372   +/-   0.614414    
Par_10                    =    -0.808743   +/-   0.172674    
Par_11                    =      4.49911   +/-   0.48604     
Par_12                    =     -1.25962   +/-   0.12197     
Par_13                    =      5.22349   +/-   0.348026    
Par_14                    =     -1.34935   +/-   0.0866999   
Par_15                    =      5.05371   +/-   0.250789    
Par_16                    =     -1.07354   +/-   0.053612    
Par_17                    =      3.81886   +/-   0.157981    
Par_18                    =          0.1   +/-   0.013366     	 (limited)
Warning in <TCanvas::Constructor>: Deleting canvas with same name: Simfit
Info in <TCanvas::Print>: eps file Comb2k37TeV.eps has been created
Info in <TH1F::SaveAs>: ROOT file CSoft3.root has been created
Info in <TH1F::SaveAs>: ROOT file CHard3.root has been created
Info in <TH1D::SaveAs>: ROOT file Ck3.root has been created
Hej
Info in <TCanvas::Print>: eps file cCk7TeV.eps has been created
Info in <TCanvas::Print>: eps file cCH7TeV.eps has been created
Hej
Info in <TCanvas::Print>: eps file cCS7TeV.eps has been created
   ------------------------------------------------------------------
  | Welcome to ROOT 6.24/06                        https://root.cern |
  | (c) 1995-2021, The ROOT Team; conception: R. Brun, F. Rademakers |
  | Built for macosx64 on Feb 07 2022, 18:03:00                      |
  | From tags/v6-24-06@v6-24-06                                      |
  | With Apple clang version 13.0.0 (clang-1300.0.29.30)             |
  | Try '.help', '.demo', '.license', '.credits', '.quit'/'.q'       |
   ------------------------------------------------------------------

Info in <TMacOSXSystem::ACLiC>: creating shared library /Users/AndreasStokkkeland/FitsAt7and13TeV/outputPutTogetherData/outputDiv/./MultiFit2k13TeV_C.so
Info in <ROOT::Math::ParameterSettings>: lower/upper bounds outside current parameter value. The value will be set to (low+up)/2 

****************************************
Minimizer is Minuit2 / Migrad
Chi2                      =      128.218
NDf                       =          341
Edm                       =  9.77494e-06
NCalls                    =         3995
Par_0                     =      6.80812   +/-   0.33672     
Par_1                     =     -11.9039   +/-   0.935493    
Par_2                     =      3.31806   +/-   0.229991    
Par_3                     =     -4.20089   +/-   0.646929    
Par_4                     =      1.64031   +/-   0.170918    
Par_5                     =    -0.711952   +/-   0.485556    
Par_6                     =     0.820498   +/-   0.136785    
Par_7                     =     0.868109   +/-   0.391637    
Par_8                     =     0.316734   +/-   0.113495    
Par_9                     =      1.77841   +/-   0.327046    
Par_10                    =    -0.147359   +/-   0.0877577   
Par_11                    =      2.52911   +/-   0.255255    
Par_12                    =    -0.463579   +/-   0.0636564   
Par_13                    =      2.87443   +/-   0.187296    
Par_14                    =    -0.600811   +/-   0.0459831   
Par_15                    =      2.85278   +/-   0.136905    
Par_16                    =    -0.609732   +/-   0.027494    
Par_17                    =      2.44703   +/-   0.0834782   
Par_18                    =          0.1   +/-   0.0150905    	 (limited)
Info in <TCanvas::Print>: eps file Comb2k113TeV.eps has been created
Info in <TH1F::SaveAs>: ROOT file CSoft1.root has been created
Info in <TH1F::SaveAs>: ROOT file CHard1.root has been created
Info in <TH1D::SaveAs>: ROOT file Ck1.root has been created
Info in <ROOT::Math::ParameterSettings>: lower/upper bounds outside current parameter value. The value will be set to (low+up)/2 

****************************************
Minimizer is Minuit2 / Migrad
Chi2                      =      105.151
NDf                       =          341
Edm                       =  1.22334e-07
NCalls                    =         3274
Par_0                     =      7.08407   +/-   0.395473    
Par_1                     =     -13.1568   +/-   1.08317     
Par_2                     =      3.57085   +/-   0.285806    
Par_3                     =      -4.8651   +/-   0.793254    
Par_4                     =      1.69388   +/-   0.214788    
Par_5                     =    -0.794218   +/-   0.601932    
Par_6                     =     0.778858   +/-   0.170788    
Par_7                     =      1.05354   +/-   0.482721    
Par_8                     =     0.239551   +/-   0.142041    
Par_9                     =      2.06613   +/-   0.403851    
Par_10                    =    -0.223008   +/-   0.111537    
Par_11                    =       2.8172   +/-   0.319572    
Par_12                    =    -0.568952   +/-   0.0806398   
Par_13                    =      3.22675   +/-   0.233599    
Par_14                    =    -0.712036   +/-   0.0580323   
Par_15                    =      3.21672   +/-   0.170066    
Par_16                    =    -0.679396   +/-   0.0350069   
Par_17                    =      2.68157   +/-   0.104413    
Par_18                    =          0.1   +/-   0.0584216    	 (limited)
Warning in <TCanvas::Constructor>: Deleting canvas with same name: Simfit
Info in <TCanvas::Print>: eps file Comb2k313TeV.eps has been created
Info in <TH1F::SaveAs>: ROOT file CSoft3.root has been created
Info in <TH1F::SaveAs>: ROOT file CHard3.root has been created
Info in <TH1D::SaveAs>: ROOT file Ck3.root has been created
Info in <ROOT::Math::ParameterSettings>: lower/upper bounds outside current parameter value. The value will be set to (low+up)/2 

****************************************
Minimizer is Minuit2 / Migrad
Chi2                      =      226.783
NDf                       =          341
Edm                       =  2.15816e-08
NCalls                    =         3424
Par_0                     =      10.0704   +/-   0.616913    
Par_1                     =     -21.3489   +/-   1.67886     
Par_2                     =      4.44666   +/-   0.420204    
Par_3                     =     -7.50181   +/-   1.16387     
Par_4                     =      1.84198   +/-   0.316333    
Par_5                     =     -1.30292   +/-   0.888803    
Par_6                     =     0.455346   +/-   0.252618    
Par_7                     =      1.91348   +/-   0.718969    
Par_8                     =    -0.320816   +/-   0.209144    
Par_9                     =      3.61405   +/-   0.601431    
Par_10                    =     -0.92793   +/-   0.163013    
Par_11                    =      4.78777   +/-   0.474914    
Par_12                    =     -1.28728   +/-   0.116597    
Par_13                    =      5.24838   +/-   0.345417    
Par_14                    =     -1.28399   +/-   0.0838462   
Par_15                    =      4.81543   +/-   0.251832    
Par_16                    =    -0.969981   +/-   0.050272    
Par_17                    =      3.45411   +/-   0.153216    
Par_18                    =          0.1   +/-   0.013636     	 (limited)
Warning in <TCanvas::Constructor>: Deleting canvas with same name: Simfit
Info in <TCanvas::Print>: eps file Comb2k513TeV.eps has been created
Info in <TH1F::SaveAs>: ROOT file CSoft5.root has been created
Info in <TH1F::SaveAs>: ROOT file CHard5.root has been created
Info in <TH1D::SaveAs>: ROOT file Ck5.root has been created
Hej
Info in <TCanvas::Print>: eps file cCk13TeV.eps has been created
Hej
Info in <TCanvas::Print>: eps file cCH13TeV.eps has been created
Info in <TCanvas::Print>: eps file cCS13TeV.eps has been created
The time of the code 22 s
